ERROR: 2015/08/16 Unable to render [partials/left.html theme/partials/left.html]
ERROR: 2015/08/16 Expecting to find a template in either the theme/layouts or /layouts in one of the following relative locations [partials/left.html theme/partials/left.html]
ERROR: 2015/08/16 Unable to render [partials/left.html theme/partials/left.html]
ERROR: 2015/08/16 Expecting to find a template in either the theme/layouts or /layouts in one of the following relative locations [partials/left.html theme/partials/left.html]
ERROR: 2015/08/16 Unable to render [partials/right.html theme/partials/right.html]
ERROR: 2015/08/16 Expecting to find a template in either the theme/layouts or /layouts in one of the following relative locations [partials/right.html theme/partials/right.html]
ERROR: 2015/08/16 Unable to render [partials/left.html theme/partials/left.html]
ERROR: 2015/08/16 Expecting to find a template in either the theme/layouts or /layouts in one of the following relative locations [partials/left.html theme/partials/left.html]
ERROR: 2015/08/16 Unable to render [partials/left.html theme/partials/left.html]
ERROR: 2015/08/16 Expecting to find a template in either the theme/layouts or /layouts in one of the following relative locations [partials/left.html theme/partials/left.html]
ERROR: 2015/08/16 Unable to render [partials/right.html theme/partials/right.html]
ERROR: 2015/08/16 Expecting to find a template in either the theme/layouts or /layouts in one of the following relative locations [partials/right.html theme/partials/right.html]
ERROR: 2015/08/16 Unable to render [partials/right.html theme/partials/right.html]
ERROR: 2015/08/16 Expecting to find a template in either the theme/layouts or /layouts in one of the following relative locations [partials/right.html theme/partials/right.html]
ERROR: 2015/08/16 Unable to render [partials/right.html theme/partials/right.html]
ERROR: 2015/08/16 Expecting to find a template in either the theme/layouts or /layouts in one of the following relative locations [partials/right.html theme/partials/right.html]
ERROR: 2015/08/16 Unable to render [partials/left.html theme/partials/left.html]
ERROR: 2015/08/16 Expecting to find a template in either the theme/layouts or /layouts in one of the following relative locations [partials/left.html theme/partials/left.html]
ERROR: 2015/08/16 Unable to render [partials/right.html theme/partials/right.html]
ERROR: 2015/08/16 Expecting to find a template in either the theme/layouts or /layouts in one of the following relative locations [partials/right.html theme/partials/right.html]
ERROR: 2015/08/16 Unable to render [partials/left.html theme/partials/left.html]
ERROR: 2015/08/16 Expecting to find a template in either the theme/layouts or /layouts in one of the following relative locations [partials/left.html theme/partials/left.html]
ERROR: 2015/08/16 Unable to render [partials/right.html theme/partials/right.html]
ERROR: 2015/08/16 Expecting to find a template in either the theme/layouts or /layouts in one of the following relative locations [partials/right.html theme/partials/right.html]
ERROR: 2015/08/16 Unable to render [partials/left.html theme/partials/left.html]
ERROR: 2015/08/16 Expecting to find a template in either the theme/layouts or /layouts in one of the following relative locations [partials/left.html theme/partials/left.html]
ERROR: 2015/08/16 Unable to render [partials/right.html theme/partials/right.html]
ERROR: 2015/08/16 Expecting to find a template in either the theme/layouts or /layouts in one of the following relative locations [partials/right.html theme/partials/right.html]
ERROR: 2015/08/16 Unable to render [partials/left.html theme/partials/left.html]
ERROR: 2015/08/16 Expecting to find a template in either the theme/layouts or /layouts in one of the following relative locations [partials/left.html theme/partials/left.html]
ERROR: 2015/08/16 Unable to render [partials/right.html theme/partials/right.html]
ERROR: 2015/08/16 Expecting to find a template in either the theme/layouts or /layouts in one of the following relative locations [partials/right.html theme/partials/right.html]
ERROR: 2015/08/16 Unable to render [partials/left.html theme/partials/left.html]
ERROR: 2015/08/16 Expecting to find a template in either the theme/layouts or /layouts in one of the following relative locations [partials/left.html theme/partials/left.html]
ERROR: 2015/08/16 Unable to render [partials/right.html theme/partials/right.html]
ERROR: 2015/08/16 Expecting to find a template in either the theme/layouts or /layouts in one of the following relative locations [partials/right.html theme/partials/right.html]
ERROR: 2015/08/16 Unable to render [partials/left.html theme/partials/left.html]
ERROR: 2015/08/16 Expecting to find a template in either the theme/layouts or /layouts in one of the following relative locations [partials/left.html theme/partials/left.html]
ERROR: 2015/08/16 Unable to render [partials/right.html theme/partials/right.html]
ERROR: 2015/08/16 Expecting to find a template in either the theme/layouts or /layouts in one of the following relative locations [partials/right.html theme/partials/right.html]
ERROR: 2015/08/16 Unable to render [partials/left.html theme/partials/left.html]
ERROR: 2015/08/16 Expecting to find a template in either the theme/layouts or /layouts in one of the following relative locations [partials/left.html theme/partials/left.html]
ERROR: 2015/08/16 Unable to render [partials/right.html theme/partials/right.html]
ERROR: 2015/08/16 Expecting to find a template in either the theme/layouts or /layouts in one of the following relative locations [partials/right.html theme/partials/right.html]
ERROR: 2015/08/16 Unable to render [partials/left.html theme/partials/left.html]
ERROR: 2015/08/16 Expecting to find a template in either the theme/layouts or /layouts in one of the following relative locations [partials/left.html theme/partials/left.html]
ERROR: 2015/08/16 Unable to render [partials/right.html theme/partials/right.html]
ERROR: 2015/08/16 Expecting to find a template in either the theme/layouts or /layouts in one of the following relative locations [partials/right.html theme/partials/right.html]
ERROR: 2015/08/16 Unable to render [partials/left.html theme/partials/left.html]
ERROR: 2015/08/16 Expecting to find a template in either the theme/layouts or /layouts in one of the following relative locations [partials/left.html theme/partials/left.html]
ERROR: 2015/08/16 Unable to render [partials/right.html theme/partials/right.html]
ERROR: 2015/08/16 Expecting to find a template in either the theme/layouts or /layouts in one of the following relative locations [partials/right.html theme/partials/right.html]
ERROR: 2015/08/16 Unable to render [partials/left.html theme/partials/left.html]
ERROR: 2015/08/16 Expecting to find a template in either the theme/layouts or /layouts in one of the following relative locations [partials/left.html theme/partials/left.html]
ERROR: 2015/08/16 Unable to render [partials/right.html theme/partials/right.html]
ERROR: 2015/08/16 Expecting to find a template in either the theme/layouts or /layouts in one of the following relative locations [partials/right.html theme/partials/right.html]
ERROR: 2015/08/16 Unable to render [partials/left.html theme/partials/left.html]
ERROR: 2015/08/16 Expecting to find a template in either the theme/layouts or /layouts in one of the following relative locations [partials/left.html theme/partials/left.html]
ERROR: 2015/08/16 Unable to render [partials/right.html theme/partials/right.html]
ERROR: 2015/08/16 Expecting to find a template in either the theme/layouts or /layouts in one of the following relative locations [partials/right.html theme/partials/right.html]
ERROR: 2015/08/16 Unable to render [partials/left.html theme/partials/left.html]
ERROR: 2015/08/16 Expecting to find a template in either the theme/layouts or /layouts in one of the following relative locations [partials/left.html theme/partials/left.html]
ERROR: 2015/08/16 Unable to render [partials/right.html theme/partials/right.html]
ERROR: 2015/08/16 Expecting to find a template in either the theme/layouts or /layouts in one of the following relative locations [partials/right.html theme/partials/right.html]
ERROR: 2015/08/16 Unable to render [partials/left.html theme/partials/left.html]
ERROR: 2015/08/16 Expecting to find a template in either the theme/layouts or /layouts in one of the following relative locations [partials/left.html theme/partials/left.html]
ERROR: 2015/08/16 Unable to render [partials/right.html theme/partials/right.html]
ERROR: 2015/08/16 Expecting to find a template in either the theme/layouts or /layouts in one of the following relative locations [partials/right.html theme/partials/right.html]
ERROR: 2015/08/16 Unable to render [partials/left.html theme/partials/left.html]
ERROR: 2015/08/16 Expecting to find a template in either the theme/layouts or /layouts in one of the following relative locations [partials/left.html theme/partials/left.html]
ERROR: 2015/08/16 Unable to render [partials/right.html theme/partials/right.html]
ERROR: 2015/08/16 Expecting to find a template in either the theme/layouts or /layouts in one of the following relative locations [partials/right.html theme/partials/right.html]
ERROR: 2015/08/16 Unable to render [partials/left.html theme/partials/left.html]
ERROR: 2015/08/16 Expecting to find a template in either the theme/layouts or /layouts in one of the following relative locations [partials/left.html theme/partials/left.html]
ERROR: 2015/08/16 Unable to render [partials/right.html theme/partials/right.html]
ERROR: 2015/08/16 Expecting to find a template in either the theme/layouts or /layouts in one of the following relative locations [partials/right.html theme/partials/right.html]
LOG:   2015/08/16 15:43:43 thatswhyyoualwaysleaveanote.go:174: 6 of 6 drafts rendered
LOG:   2015/08/16 15:43:43 thatswhyyoualwaysleaveanote.go:174: 0 future content 
LOG:   2015/08/16 15:43:43 thatswhyyoualwaysleaveanote.go:182: 10 pages created
LOG:   2015/08/16 15:43:43 thatswhyyoualwaysleaveanote.go:182: 1 paginator pages created
LOG:   2015/08/16 15:43:43 thatswhyyoualwaysleaveanote.go:182: 7 tags created
LOG:   2015/08/16 15:43:43 thatswhyyoualwaysleaveanote.go:182: 6 categories created
LOG:   2015/08/16 15:43:43 thatswhyyoualwaysleaveanote.go:182: in 655 ms
LOG:   2015/08/16 15:43:43 thatswhyyoualwaysleaveanote.go:182: Watching for changes in D:\git\abhiesa.github.io/{data,content,layouts,static}
LOG:   2015/08/16 15:43:43 thatswhyyoualwaysleaveanote.go:174: Serving pages from D:\git\abhiesa.github.io\public
LOG:   2015/08/16 15:43:43 thatswhyyoualwaysleaveanote.go:182: Web Server is available at http://127.0.0.1:1313/
